Assuming unrestricted shared filesystem usage.
host: DN525ffg.SUNet
Building DAG of jobs...
Using shell: /bin/bash
Provided cores: 1 (use --cores to define parallelism)
Rules claiming more threads will be scaled down.
Job stats:
job                     count
--------------------  -------
graphs_create               2
graph_metrics_create        2
consolidate                 1
consolidate_target          1
total                       6

Select jobs to execute...
Execute 1 jobs...
[Sun Apr 19 15:50:21 2026]
localrule graphs_create:
    input: static/4_temp/samples/2000/out.idf, static/4_temp/samples/2000/eplusout.sql
    output: static/4_temp/test/smk/intermed/2000/graphs/out.json, static/4_temp/test/smk/intermed/2000/graphs/data
    log: static/4_temp/test/smk/intermed/2000/graphs/log.out
    jobid: 3
    reason: Forced execution
    wildcards: sample=2000
    resources: tmpdir=/var/folders/7r/39t1cgb13d57zk26c__2z50m0000gn/T
Select jobs to execute...
[Sun Apr 19 15:50:25 2026]
Finished jobid: 3 (Rule: graphs_create)
1 of 6 steps (17%) done
Execute 1 jobs...
[Sun Apr 19 15:50:25 2026]
localrule graph_metrics_create:
    input: static/4_temp/test/smk/intermed/2000/graphs/out.json
    output: static/4_temp/test/smk/intermed/2000/metrics/out.json
    log: static/4_temp/test/smk/intermed/2000/graphs/log.out
    jobid: 2
    reason: Forced execution
    wildcards: sample=2000
    resources: tmpdir=/var/folders/7r/39t1cgb13d57zk26c__2z50m0000gn/T
Select jobs to execute...
[Sun Apr 19 15:50:26 2026]
Finished jobid: 2 (Rule: graph_metrics_create)
2 of 6 steps (33%) done
Execute 1 jobs...
[Sun Apr 19 15:50:26 2026]
localrule graphs_create:
    input: static/4_temp/samples/1000/out.idf, static/4_temp/samples/1000/eplusout.sql
    output: static/4_temp/test/smk/intermed/1000/graphs/out.json, static/4_temp/test/smk/intermed/1000/graphs/data
    log: static/4_temp/test/smk/intermed/1000/graphs/log.out
    jobid: 5
    reason: Forced execution
    wildcards: sample=1000
    resources: tmpdir=/var/folders/7r/39t1cgb13d57zk26c__2z50m0000gn/T
[Sun Apr 19 15:50:29 2026]
Finished jobid: 5 (Rule: graphs_create)
3 of 6 steps (50%) done
Select jobs to execute...
Execute 1 jobs...
[Sun Apr 19 15:50:29 2026]
localrule graph_metrics_create:
    input: static/4_temp/test/smk/intermed/1000/graphs/out.json
    output: static/4_temp/test/smk/intermed/1000/metrics/out.json
    log: static/4_temp/test/smk/intermed/1000/graphs/log.out
    jobid: 4
    reason: Forced execution
    wildcards: sample=1000
    resources: tmpdir=/var/folders/7r/39t1cgb13d57zk26c__2z50m0000gn/T
[Sun Apr 19 15:50:31 2026]
Finished jobid: 4 (Rule: graph_metrics_create)
4 of 6 steps (67%) done
Select jobs to execute...
Execute 1 jobs...
[Sun Apr 19 15:50:31 2026]
localrule consolidate:
    input: static/4_temp/test/smk/intermed/2000/metrics/out.json, static/4_temp/test/smk/intermed/1000/metrics/out.json
    output: static/4_temp/test/smk/shared/flowmetrics/out.csv
    log: static/4_temp/test/smk/shared/flowmetrics/log.out
    jobid: 1
    reason: Forced execution
    resources: tmpdir=/var/folders/7r/39t1cgb13d57zk26c__2z50m0000gn/T
[Sun Apr 19 15:50:32 2026]
Finished jobid: 1 (Rule: consolidate)
5 of 6 steps (83%) done
Select jobs to execute...
Execute 1 jobs...
[Sun Apr 19 15:50:32 2026]
localrule consolidate_target:
    input: static/4_temp/test/smk/shared/flowmetrics/out.csv
    jobid: 0
    reason: Forced execution
    resources: tmpdir=/var/folders/7r/39t1cgb13d57zk26c__2z50m0000gn/T
[Sun Apr 19 15:50:32 2026]
Finished jobid: 0 (Rule: consolidate_target)
6 of 6 steps (100%) done
Complete log(s): /Users/julietnwagwuume-ezeoke/_UILCode/gqe-phd/fpopt/studies2/sherdirs/nvflow/.snakemake/log/2026-04-19T155020.543336.snakemake.log
