Assuming unrestricted shared filesystem usage.
host: DN525ffg.SUNet
Building DAG of jobs...
Using shell: /bin/bash
Provided cores: 1 (use --cores to define parallelism)
Rules claiming more threads will be scaled down.
Job stats:
job                     count
--------------------  -------
graphs_create               2
graphs_create_target        1
total                       3

Select jobs to execute...
Execute 1 jobs...
[Sun Apr 19 14:35:00 2026]
localrule graphs_create:
    input: static/4_temp/samples/2000/out.idf, static/4_temp/samples/2000/eplusout.sql
    output: static/4_temp/test/smk/intermed/2000/graphs/out.json, static/4_temp/test/smk/intermed/2000/graphs/data
    log: static/4_temp/test/smk/intermed/2000/graphs/log.out
    jobid: 1
    reason: Missing output files: static/4_temp/test/smk/intermed/2000/graphs/out.json; Code has changed since last execution
    wildcards: sample=2000
    resources: tmpdir=/var/folders/7r/39t1cgb13d57zk26c__2z50m0000gn/T
Select jobs to execute...
[Sun Apr 19 14:35:05 2026]
Finished jobid: 1 (Rule: graphs_create)
1 of 3 steps (33%) done
Execute 1 jobs...
[Sun Apr 19 14:35:05 2026]
localrule graphs_create:
    input: static/4_temp/samples/1000/out.idf, static/4_temp/samples/1000/eplusout.sql
    output: static/4_temp/test/smk/intermed/1000/graphs/out.json, static/4_temp/test/smk/intermed/1000/graphs/data
    log: static/4_temp/test/smk/intermed/1000/graphs/log.out
    jobid: 2
    reason: Missing output files: static/4_temp/test/smk/intermed/1000/graphs/out.json
    wildcards: sample=1000
    resources: tmpdir=/var/folders/7r/39t1cgb13d57zk26c__2z50m0000gn/T
[Sun Apr 19 14:35:08 2026]
Finished jobid: 2 (Rule: graphs_create)
2 of 3 steps (67%) done
Select jobs to execute...
Execute 1 jobs...
[Sun Apr 19 14:35:08 2026]
localrule graphs_create_target:
    input: static/4_temp/test/smk/intermed/2000/graphs/out.json, static/4_temp/test/smk/intermed/1000/graphs/out.json
    jobid: 0
    reason: Input files updated by another job: static/4_temp/test/smk/intermed/1000/graphs/out.json, static/4_temp/test/smk/intermed/2000/graphs/out.json
    resources: tmpdir=/var/folders/7r/39t1cgb13d57zk26c__2z50m0000gn/T
[Sun Apr 19 14:35:08 2026]
Finished jobid: 0 (Rule: graphs_create_target)
3 of 3 steps (100%) done
Complete log(s): /Users/julietnwagwuume-ezeoke/_UILCode/gqe-phd/fpopt/studies2/sherdirs/nvflow/.snakemake/log/2026-04-19T143457.680364.snakemake.log
