Lints for rule graphs_create (line 4, /Users/julietnwagwuume-ezeoke/_UILCode/gqe-phd/fpopt/studies2/sherdirs/nvflow/workflow/rules/flow.smk):
    * Specify a conda environment or container for each rule.:
      This way, the used software for each specific step is documented, and the workflow can be
      executed on any machine without prerequisites.
      Also see:
      https://snakemake.readthedocs.io/en/latest/snakefiles/deployment.html#integrated-package-management
      https://snakemake.readthedocs.io/en/latest/snakefiles/deployment.html#running-jobs-in-containers

Lints for rule graph_metrics_create (line 33, /Users/julietnwagwuume-ezeoke/_UILCode/gqe-phd/fpopt/studies2/sherdirs/nvflow/workflow/rules/flow.smk):
    * Specify a conda environment or container for each rule.:
      This way, the used software for each specific step is documented, and the workflow can be
      executed on any machine without prerequisites.
      Also see:
      https://snakemake.readthedocs.io/en/latest/snakefiles/deployment.html#integrated-package-management
      https://snakemake.readthedocs.io/en/latest/snakefiles/deployment.html#running-jobs-in-containers

Lints for rule consolidate (line 48, /Users/julietnwagwuume-ezeoke/_UILCode/gqe-phd/fpopt/studies2/sherdirs/nvflow/workflow/rules/flow.smk):
    * Specify a conda environment or container for each rule.:
      This way, the used software for each specific step is documented, and the workflow can be
      executed on any machine without prerequisites.
      Also see:
      https://snakemake.readthedocs.io/en/latest/snakefiles/deployment.html#integrated-package-management
      https://snakemake.readthedocs.io/en/latest/snakefiles/deployment.html#running-jobs-in-containers

