Lints for snakefile /Users/julietnwagwuume-ezeoke/_UILCode/gqe-phd/fpopt/studies2/sherdirs/nvflow/workflow/rules/flow.smk:
    * Mixed rules and functions in same snakefile.:
      Small one-liner functions used only once should be defined as lambda
      expressions. Other functions should be collected in a common module, e.g.
      'rules/common.smk'. This makes the workflow steps more readable.
      Also see:
      https://snakemake.readthedocs.io/en/latest/snakefiles/modularization.html#includes

Lints for rule graphs_create (line 12, /Users/julietnwagwuume-ezeoke/_UILCode/gqe-phd/fpopt/studies2/sherdirs/nvflow/workflow/rules/flow.smk):
    * No log directive defined:
      Without a log directive, all output will be printed to the terminal. In
      distributed environments, this means that errors are harder to discover.
      In local environments, output of concurrent jobs will be mixed and become
      unreadable.
      Also see:
      https://snakemake.readthedocs.io/en/stable/snakefiles/rules.html#log-files
    * Specify a conda environment or container for each rule.:
      This way, the used software for each specific step is documented, and the
      workflow can be executed on any machine without prerequisites.
      Also see:
      https://snakemake.readthedocs.io/en/latest/snakefiles/deployment.html#integrated-package-management
      https://snakemake.readthedocs.io/en/latest/snakefiles/deployment.html#running-jobs-in-containers
    * Shell command directly uses variable config from outside of the rule:
      It is recommended to pass all files as input and output, and non-file
      parameters via the params directive. Otherwise, provenance tracking is
      less accurate.
      Also see:
      https://snakemake.readthedocs.io/en/stable/snakefiles/rules.html#non-file-parameters-for-rules
    * Shell command directly uses variable config from outside of the rule:
      It is recommended to pass all files as input and output, and non-file
      parameters via the params directive. Otherwise, provenance tracking is
      less accurate.
      Also see:
      https://snakemake.readthedocs.io/en/stable/snakefiles/rules.html#non-file-parameters-for-rules
    * Shell command directly uses variable config from outside of the rule:
      It is recommended to pass all files as input and output, and non-file
      parameters via the params directive. Otherwise, provenance tracking is
      less accurate.
      Also see:
      https://snakemake.readthedocs.io/en/stable/snakefiles/rules.html#non-file-parameters-for-rules
    * Shell command directly uses variable config from outside of the rule:
      It is recommended to pass all files as input and output, and non-file
      parameters via the params directive. Otherwise, provenance tracking is
      less accurate.
      Also see:
      https://snakemake.readthedocs.io/en/stable/snakefiles/rules.html#non-file-parameters-for-rules

