Assuming unrestricted shared filesystem usage.
host: DN525ffg.SUNet
Building DAG of jobs...
Using shell: /bin/bash
Provided cores: 1 (use --cores to define parallelism)
Rules claiming more threads will be scaled down.
Job stats:
job                     count
--------------------  -------
graphs_create               2
graphs_create_target        1
total                       3

Select jobs to execute...
Execute 1 jobs...
[Sun Apr 19 14:25:12 2026]
localrule graphs_create:
    input: static/4_temp/samples/2000/out.idf, static/4_temp/samples/2000/eplusout.sql
    output: static/4_temp/test/smk/graphs/2000/graphs/out.json, static/4_temp/test/smk/graphs/2000/graphs/data
    log: static/4_temp/test/smk/graphs/2000/graphs/log.out
    jobid: 1
    reason: Missing output files: static/4_temp/test/smk/graphs/2000/graphs/out.json; Code has changed since last execution
    wildcards: sample=2000
    resources: tmpdir=/var/folders/7r/39t1cgb13d57zk26c__2z50m0000gn/T
Select jobs to execute...
RuleException:
CalledProcessError in file "/Users/julietnwagwuume-ezeoke/_UILCode/gqe-phd/fpopt/studies2/sherdirs/nvflow/workflow/rules/flow.smk", line 19:
Command 'set -euo pipefail;  
        uv run nvflow flowmetrics create           --idf-path static/4_temp/samples/2000/out.idf           --sql-path static/4_temp/samples/2000/eplusout.sql           --cardinal-expansion-factor 1.1           --json-path static/4_temp/test/smk/graphs/2000/graphs/out.json           --data-path static/4_temp/test/smk/graphs/2000/graphs/data           2>static/4_temp/test/smk/graphs/2000/graphs/log.out' returned non-zero exit status 1.
[Sun Apr 19 14:25:14 2026]
Error in rule graphs_create:
    message: None
    jobid: 1
    input: static/4_temp/samples/2000/out.idf, static/4_temp/samples/2000/eplusout.sql
    output: static/4_temp/test/smk/graphs/2000/graphs/out.json, static/4_temp/test/smk/graphs/2000/graphs/data
    log: static/4_temp/test/smk/graphs/2000/graphs/log.out (check log file(s) for error details)
    shell:
        
        uv run nvflow flowmetrics create           --idf-path static/4_temp/samples/2000/out.idf           --sql-path static/4_temp/samples/2000/eplusout.sql           --cardinal-expansion-factor 1.1           --json-path static/4_temp/test/smk/graphs/2000/graphs/out.json           --data-path static/4_temp/test/smk/graphs/2000/graphs/data           2>static/4_temp/test/smk/graphs/2000/graphs/log.out
        
        (command exited with non-zero exit code)
Shutting down, this might take some time.
Exiting because a job execution failed. Look below for error messages
[Sun Apr 19 14:25:14 2026]
Error in rule graphs_create:
    message: None
    jobid: 1
    input: static/4_temp/samples/2000/out.idf, static/4_temp/samples/2000/eplusout.sql
    output: static/4_temp/test/smk/graphs/2000/graphs/out.json, static/4_temp/test/smk/graphs/2000/graphs/data
    log: static/4_temp/test/smk/graphs/2000/graphs/log.out (check log file(s) for error details)
    shell:
        
        uv run nvflow flowmetrics create           --idf-path static/4_temp/samples/2000/out.idf           --sql-path static/4_temp/samples/2000/eplusout.sql           --cardinal-expansion-factor 1.1           --json-path static/4_temp/test/smk/graphs/2000/graphs/out.json           --data-path static/4_temp/test/smk/graphs/2000/graphs/data           2>static/4_temp/test/smk/graphs/2000/graphs/log.out
        
        (command exited with non-zero exit code)
Complete log(s): /Users/julietnwagwuume-ezeoke/_UILCode/gqe-phd/fpopt/studies2/sherdirs/nvflow/.snakemake/log/2026-04-19T142509.710425.snakemake.log
WorkflowError:
At least one job did not complete successfully.
