Assuming unrestricted shared filesystem usage.
host: DN525ffg.SUNet
Building DAG of jobs...
Using shell: /bin/bash
Provided cores: 1 (use --cores to define parallelism)
Rules claiming more threads will be scaled down.
Job stats:
job                            count
---------------------------  -------
graph_metrics_create               2
graph_metrics_create_target        1
total                              3

Select jobs to execute...
Execute 1 jobs...
[Sun Apr 19 15:21:51 2026]
localrule graph_metrics_create:
    input: static/4_temp/test/smk/intermed/2000/graphs/out.json
    output: static/4_temp/test/smk/intermed/2000/metrics/out.json
    log: static/4_temp/test/smk/intermed/2000/graphs/log.out
    jobid: 1
    reason: Missing output files: static/4_temp/test/smk/intermed/2000/metrics/out.json
    wildcards: sample=2000
    resources: tmpdir=/var/folders/7r/39t1cgb13d57zk26c__2z50m0000gn/T
Select jobs to execute...
[Sun Apr 19 15:21:54 2026]
Finished jobid: 1 (Rule: graph_metrics_create)
1 of 3 steps (33%) done
Execute 1 jobs...
[Sun Apr 19 15:21:54 2026]
localrule graph_metrics_create:
    input: static/4_temp/test/smk/intermed/1000/graphs/out.json
    output: static/4_temp/test/smk/intermed/1000/metrics/out.json
    log: static/4_temp/test/smk/intermed/1000/graphs/log.out
    jobid: 3
    reason: Missing output files: static/4_temp/test/smk/intermed/1000/metrics/out.json
    wildcards: sample=1000
    resources: tmpdir=/var/folders/7r/39t1cgb13d57zk26c__2z50m0000gn/T
[Sun Apr 19 15:21:56 2026]
Finished jobid: 3 (Rule: graph_metrics_create)
2 of 3 steps (67%) done
Select jobs to execute...
Execute 1 jobs...
[Sun Apr 19 15:21:56 2026]
localrule graph_metrics_create_target:
    input: static/4_temp/test/smk/intermed/2000/metrics/out.json, static/4_temp/test/smk/intermed/1000/metrics/out.json
    jobid: 0
    reason: Input files updated by another job: static/4_temp/test/smk/intermed/1000/metrics/out.json, static/4_temp/test/smk/intermed/2000/metrics/out.json
    resources: tmpdir=/var/folders/7r/39t1cgb13d57zk26c__2z50m0000gn/T
[Sun Apr 19 15:21:56 2026]
Finished jobid: 0 (Rule: graph_metrics_create_target)
3 of 3 steps (100%) done
Complete log(s): /Users/julietnwagwuume-ezeoke/_UILCode/gqe-phd/fpopt/studies2/sherdirs/nvflow/.snakemake/log/2026-04-19T152148.925402.snakemake.log
