DEBUG    🐞:plyze.qoi.xarray_helpers:log_datetimes:50 | {} | ['06/01/17 - 00', '07/30/17 - 23']       
DEBUG    🐞:plyze.qoi.xarray_helpers:log_datetimes:50 | {} | ['06/01/17 - 00', '06/01/17 - 08',       
         '06/01/17 - 12', '06/03/17 - 23', '06/04/17 - 08', '06/05/17 - 10', '06/05/17 - 13',         
         '06/05/17 - 14', '06/06/17 - 12', '06/06/17 - 22', '06/12/17 - 10', '06/20/17 - 08',         
         '06/20/17 - 10', '06/20/17 - 11', '06/22/17 - 10', '06/27/17 - 22', '06/28/17 - 07',         
         '06/28/17 - 14', '07/13/17 - 22', '07/13/17 - 22', '07/14/17 - 07', '07/14/17 - 07',         
         '07/15/17 - 09', '07/15/17 - 10', '07/22/17 - 08', '07/22/17 - 08', '07/22/17 - 09']         
DEBUG    🐞:plyze.qoi.xarray_helpers:select_time:62 | {} | (5760, 27)                                 
DEBUG    🐞:plyze.qoi.xarray_helpers:select_time:63 | {} | 24                                         
DEBUG    🐞:plyze.qoi.xarray_helpers:select_time:64 | {} | 5736                                       
DEBUG    🐞:plyze.qoi.xarray_helpers:log_datetimes:50 | {} | ['06/01/17 - 00', '07/30/17 - 23']       
DEBUG    🐞:plyze.qoi.xarray_helpers:log_datetimes:50 | {} | ['06/01/17 - 00', '06/01/17 - 08',       
         '06/01/17 - 12', '06/03/17 - 23', '06/04/17 - 08', '06/05/17 - 10', '06/05/17 - 13',         
         '06/05/17 - 14', '06/06/17 - 12', '06/06/17 - 22', '06/12/17 - 10', '06/20/17 - 08',         
         '06/20/17 - 10', '06/20/17 - 11', '06/22/17 - 10', '06/27/17 - 22', '06/28/17 - 07',         
         '06/28/17 - 14', '07/13/17 - 22', '07/13/17 - 22', '07/14/17 - 07', '07/14/17 - 07',         
         '07/15/17 - 09', '07/15/17 - 10', '07/22/17 - 08', '07/22/17 - 08', '07/22/17 - 09']         
DEBUG    🐞:plyze.qoi.xarray_helpers:select_time:62 | {} | (5760, 27)                                 
DEBUG    🐞:plyze.qoi.xarray_helpers:select_time:63 | {} | 24                                         
DEBUG    🐞:plyze.qoi.xarray_helpers:select_time:64 | {} | 5736                                       
DEBUG    🐞:plyze.qoi.xarray_helpers:log_datetimes:50 | {} | ['06/01/17 - 00', '07/30/17 - 23']       
DEBUG    🐞:plyze.qoi.xarray_helpers:log_datetimes:50 | {} | ['06/01/17 - 00', '06/01/17 - 08',       
         '06/01/17 - 12', '06/03/17 - 23', '06/04/17 - 08', '06/05/17 - 10', '06/05/17 - 13',         
         '06/05/17 - 14', '06/06/17 - 12', '06/06/17 - 22', '06/12/17 - 10', '06/20/17 - 08',         
         '06/20/17 - 10', '06/20/17 - 11', '06/22/17 - 10', '06/27/17 - 22', '06/28/17 - 07',         
         '06/28/17 - 14', '07/13/17 - 22', '07/13/17 - 22', '07/14/17 - 07', '07/14/17 - 07',         
         '07/15/17 - 09', '07/15/17 - 10', '07/22/17 - 08', '07/22/17 - 08', '07/22/17 - 09']         
DEBUG    🐞:plyze.qoi.xarray_helpers:select_time:62 | {} | (5760, 27)                                 
DEBUG    🐞:plyze.qoi.xarray_helpers:select_time:63 | {} | 24                                         
DEBUG    🐞:plyze.qoi.xarray_helpers:select_time:64 | {} | 5736                                       
DEBUG    🐞:plyze.qoi.xarray_helpers:log_datetimes:50 | {} | ['06/01/17 - 00', '07/30/17 - 23']       
DEBUG    🐞:plyze.qoi.xarray_helpers:log_datetimes:50 | {} | ['06/01/17 - 00', '06/01/17 - 08',       
         '06/01/17 - 12', '06/03/17 - 23', '06/04/17 - 08', '06/05/17 - 10', '06/05/17 - 13',         
         '06/05/17 - 14', '06/06/17 - 12', '06/06/17 - 22', '06/12/17 - 10', '06/20/17 - 08',         
         '06/20/17 - 10', '06/20/17 - 11', '06/22/17 - 10', '06/27/17 - 22', '06/28/17 - 07',         
         '06/28/17 - 14', '07/13/17 - 22', '07/13/17 - 22', '07/14/17 - 07', '07/14/17 - 07',         
         '07/15/17 - 09', '07/15/17 - 10', '07/22/17 - 08', '07/22/17 - 08', '07/22/17 - 09']         
DEBUG    🐞:plyze.qoi.xarray_helpers:select_time:62 | {} | (5760, 27)                                 
DEBUG    🐞:plyze.qoi.xarray_helpers:select_time:63 | {} | 24                                         
DEBUG    🐞:plyze.qoi.xarray_helpers:select_time:64 | {} | 5736                                       
DEBUG    🐞:plyze.qoi.xarray_helpers:log_datetimes:50 | {} | ['06/01/17 - 00', '07/30/17 - 23']       
DEBUG    🐞:plyze.qoi.xarray_helpers:log_datetimes:50 | {} | ['06/01/17 - 00', '06/01/17 - 08',       
         '06/01/17 - 12', '06/03/17 - 23', '06/04/17 - 08', '06/05/17 - 10', '06/05/17 - 13',         
         '06/05/17 - 14', '06/06/17 - 12', '06/06/17 - 22', '06/12/17 - 10', '06/20/17 - 08',         
         '06/20/17 - 10', '06/20/17 - 11', '06/22/17 - 10', '06/27/17 - 22', '06/28/17 - 07',         
         '06/28/17 - 14', '07/13/17 - 22', '07/13/17 - 22', '07/14/17 - 07', '07/14/17 - 07',         
         '07/15/17 - 09', '07/15/17 - 10', '07/22/17 - 08', '07/22/17 - 08', '07/22/17 - 09']         
DEBUG    🐞:plyze.qoi.xarray_helpers:select_time:62 | {} | (5760, 27)                                 
DEBUG    🐞:plyze.qoi.xarray_helpers:select_time:63 | {} | 24                                         
DEBUG    🐞:plyze.qoi.xarray_helpers:select_time:64 | {} | 5736                                       
DEBUG    🐞:plyze.qoi.xarray_helpers:log_datetimes:50 | {} | ['06/01/17 - 00', '07/30/17 - 23']       
DEBUG    🐞:plyze.qoi.xarray_helpers:log_datetimes:50 | {} | ['06/01/17 - 00', '06/01/17 - 08',       
         '06/01/17 - 12', '06/03/17 - 23', '06/04/17 - 08', '06/05/17 - 10', '06/05/17 - 13',         
         '06/05/17 - 14', '06/06/17 - 12', '06/06/17 - 22', '06/12/17 - 10', '06/20/17 - 08',         
         '06/20/17 - 10', '06/20/17 - 11', '06/22/17 - 10', '06/27/17 - 22', '06/28/17 - 07',         
         '06/28/17 - 14', '07/13/17 - 22', '07/13/17 - 22', '07/14/17 - 07', '07/14/17 - 07',         
         '07/15/17 - 09', '07/15/17 - 10', '07/22/17 - 08', '07/22/17 - 08', '07/22/17 - 09']         
DEBUG    🐞:plyze.qoi.xarray_helpers:select_time:62 | {} | (5760, 27)                                 
DEBUG    🐞:plyze.qoi.xarray_helpers:select_time:63 | {} | 24                                         
DEBUG    🐞:plyze.qoi.xarray_helpers:select_time:64 | {} | 5736                                       
DEBUG    🐞:plyze.qoi.xarray_helpers:log_datetimes:50 | {} | ['06/01/17 - 00', '07/30/17 - 23']       
DEBUG    🐞:plyze.qoi.xarray_helpers:log_datetimes:50 | {} | ['06/01/17 - 00', '06/01/17 - 08',       
         '06/01/17 - 12', '06/03/17 - 23', '06/04/17 - 08', '06/05/17 - 10', '06/05/17 - 13',         
         '06/05/17 - 14', '06/06/17 - 12', '06/06/17 - 22', '06/12/17 - 10', '06/20/17 - 08',         
         '06/20/17 - 10', '06/20/17 - 11', '06/22/17 - 10', '06/27/17 - 22', '06/28/17 - 07',         
         '06/28/17 - 14', '07/13/17 - 22', '07/13/17 - 22', '07/14/17 - 07', '07/14/17 - 07',         
         '07/15/17 - 09', '07/15/17 - 10', '07/22/17 - 08', '07/22/17 - 08', '07/22/17 - 09']         
DEBUG    🐞:plyze.qoi.xarray_helpers:select_time:62 | {} | (5760, 27)                                 
DEBUG    🐞:plyze.qoi.xarray_helpers:select_time:63 | {} | 24                                         
DEBUG    🐞:plyze.qoi.xarray_helpers:select_time:64 | {} | 5736                                       
DEBUG    🐞:plyze.qoi.xarray_helpers:log_datetimes:50 | {} | ['06/01/17 - 00', '07/30/17 - 23']       
DEBUG    🐞:plyze.qoi.xarray_helpers:log_datetimes:50 | {} | ['06/01/17 - 00', '06/01/17 - 08',       
         '06/01/17 - 12', '06/03/17 - 23', '06/04/17 - 08', '06/05/17 - 10', '06/05/17 - 13',         
         '06/05/17 - 14', '06/06/17 - 12', '06/06/17 - 22', '06/12/17 - 10', '06/20/17 - 08',         
         '06/20/17 - 10', '06/20/17 - 11', '06/22/17 - 10', '06/27/17 - 22', '06/28/17 - 07',         
         '06/28/17 - 14', '07/13/17 - 22', '07/13/17 - 22', '07/14/17 - 07', '07/14/17 - 07',         
         '07/15/17 - 09', '07/15/17 - 10', '07/22/17 - 08', '07/22/17 - 08', '07/22/17 - 09']         
DEBUG    🐞:plyze.qoi.xarray_helpers:select_time:62 | {} | (5760, 27)                                 
DEBUG    🐞:plyze.qoi.xarray_helpers:select_time:63 | {} | 24                                         
DEBUG    🐞:plyze.qoi.xarray_helpers:select_time:64 | {} | 5736                                       
DEBUG    🐞:plyze.qoi.xarray_helpers:log_datetimes:50 | {} | ['06/01/17 - 00', '07/30/17 - 23']       
DEBUG    🐞:plyze.qoi.xarray_helpers:log_datetimes:50 | {} | ['06/01/17 - 00', '06/01/17 - 08',       
         '06/01/17 - 12', '06/03/17 - 23', '06/04/17 - 08', '06/05/17 - 10', '06/05/17 - 13',         
         '06/05/17 - 14', '06/06/17 - 12', '06/06/17 - 22', '06/12/17 - 10', '06/20/17 - 08',         
         '06/20/17 - 10', '06/20/17 - 11', '06/22/17 - 10', '06/27/17 - 22', '06/28/17 - 07',         
         '06/28/17 - 14', '07/13/17 - 22', '07/13/17 - 22', '07/14/17 - 07', '07/14/17 - 07',         
         '07/15/17 - 09', '07/15/17 - 10', '07/22/17 - 08', '07/22/17 - 08', '07/22/17 - 09']         
DEBUG    🐞:plyze.qoi.xarray_helpers:select_time:62 | {} | (5760, 27)                                 
DEBUG    🐞:plyze.qoi.xarray_helpers:select_time:63 | {} | 24                                         
DEBUG    🐞:plyze.qoi.xarray_helpers:select_time:64 | {} | 5736                                       
DEBUG    🐞:plyze.qoi_flow_graph.graph_qoi_interfaces:register:103 | {} | Updated xarray space name   
         <xarray.DataArray 'space_names' ()> Size: 104B                                               
         array('BLOCK `KITCHEN_0` STOREY 0', dtype='<U26')                                            
         Coordinates:                                                                                 
             space_names  <U26 104B 'BLOCK `KITCHEN_0` STOREY 0'                                      
DEBUG    🐞:plyze.qoi_flow_graph.graph_qoi_interfaces:register:103 | {} | Updated xarray space name   
         <xarray.DataArray 'space_names' ()> Size: 104B                                               
         array('BLOCK `KITCHEN_0` STOREY 0', dtype='<U26')                                            
         Coordinates:                                                                                 
             space_names  <U26 104B 'BLOCK `KITCHEN_0` STOREY 0'                                      
DEBUG    🐞:plyze.qoi_flow_graph.graph_qoi_interfaces:register:103 | {} | Updated xarray space name   
         <xarray.DataArray 'space_names' ()> Size: 104B                                               
         array('BLOCK `KITCHEN_0` STOREY 0', dtype='<U26')                                            
         Coordinates:                                                                                 
             space_names  <U26 104B 'BLOCK `KITCHEN_0` STOREY 0'                                      
DEBUG    🐞:plyze.qoi_flow_graph.graph_qoi_interfaces:register:103 | {} | Updated xarray space name   
         <xarray.DataArray 'space_names' ()> Size: 104B                                               
         array('BLOCK `KITCHEN_0` STOREY 0', dtype='<U26')                                            
         Coordinates:                                                                                 
             space_names  <U26 104B 'BLOCK `KITCHEN_0` STOREY 0'                                      
DEBUG    🐞:plyze.qoi_flow_graph.graph_qoi_interfaces:register:103 | {} | Updated xarray space name   
         <xarray.DataArray 'space_names' ()> Size: 104B                                               
         array('BLOCK `BALCONY_5` STOREY 0', dtype='<U26')                                            
         Coordinates:                                                                                 
             space_names  <U26 104B 'BLOCK `BALCONY_5` STOREY 0'                                      
DEBUG    🐞:plyze.qoi_flow_graph.graph_qoi_interfaces:register:103 | {} | Updated xarray space name   
         <xarray.DataArray 'space_names' ()> Size: 104B                                               
         array('BLOCK `BALCONY_5` STOREY 0', dtype='<U26')                                            
         Coordinates:                                                                                 
             space_names  <U26 104B 'BLOCK `BALCONY_5` STOREY 0'                                      
DEBUG    🐞:plyze.qoi_flow_graph.graph_qoi_interfaces:register:103 | {} | Updated xarray space name   
         <xarray.DataArray 'space_names' ()> Size: 104B                                               
         array('BLOCK `BALCONY_5` STOREY 0', dtype='<U26')                                            
         Coordinates:                                                                                 
             space_names  <U26 104B 'BLOCK `BALCONY_5` STOREY 0'                                      
DEBUG    🐞:plyze.qoi_flow_graph.graph_qoi_interfaces:register:103 | {} | Updated xarray space name   
         <xarray.DataArray 'space_names' ()> Size: 104B                                               
         array('BLOCK `BALCONY_5` STOREY 0', dtype='<U26')                                            
         Coordinates:                                                                                 
             space_names  <U26 104B 'BLOCK `BALCONY_5` STOREY 0'                                      
DEBUG    🐞:plyze.qoi_flow_graph.graph_qoi_interfaces:register:103 | {} | Updated xarray space name   
         <xarray.DataArray 'space_names' ()> Size: 104B                                               
         array('BLOCK `BEDROOM_7` STOREY 0', dtype='<U26')                                            
         Coordinates:                                                                                 
             space_names  <U26 104B 'BLOCK `BEDROOM_7` STOREY 0'                                      
DEBUG    🐞:plyze.qoi_flow_graph.graph_qoi_interfaces:register:103 | {} | Updated xarray space name   
         <xarray.DataArray 'space_names' ()> Size: 104B                                               
         array('BLOCK `BEDROOM_7` STOREY 0', dtype='<U26')                                            
         Coordinates:                                                                                 
             space_names  <U26 104B 'BLOCK `BEDROOM_7` STOREY 0'                                      
DEBUG    🐞:plyze.qoi_flow_graph.graph_qoi_interfaces:register:103 | {} | Updated xarray space name   
         <xarray.DataArray 'space_names' ()> Size: 104B                                               
         array('BLOCK `BEDROOM_7` STOREY 0', dtype='<U26')                                            
         Coordinates:                                                                                 
             space_names  <U26 104B 'BLOCK `BEDROOM_7` STOREY 0'                                      
DEBUG    🐞:plyze.qoi_flow_graph.graph_qoi_interfaces:register:103 | {} | Updated xarray space name   
         <xarray.DataArray 'space_names' ()> Size: 104B                                               
         array('BLOCK `BEDROOM_7` STOREY 0', dtype='<U26')                                            
         Coordinates:                                                                                 
             space_names  <U26 104B 'BLOCK `BEDROOM_7` STOREY 0'                                      
DEBUG    🐞:plyze.qoi_flow_graph.graph_qoi_interfaces:register:103 | {} | Updated xarray space name   
         <xarray.DataArray 'space_names' ()> Size: 112B                                               
         array('BLOCK `STOREROOM_4` STOREY 0', dtype='<U28')                                          
         Coordinates:                                                                                 
             space_names  <U28 112B 'BLOCK `STOREROOM_4` STOREY 0'                                    
DEBUG    🐞:plyze.qoi_flow_graph.graph_qoi_interfaces:register:103 | {} | Updated xarray space name   
         <xarray.DataArray 'space_names' ()> Size: 112B                                               
         array('BLOCK `STOREROOM_4` STOREY 0', dtype='<U28')                                          
         Coordinates:                                                                                 
             space_names  <U28 112B 'BLOCK `STOREROOM_4` STOREY 0'                                    
DEBUG    🐞:plyze.qoi_flow_graph.graph_qoi_interfaces:register:103 | {} | Updated xarray space name   
         <xarray.DataArray 'space_names' ()> Size: 112B                                               
         array('BLOCK `STOREROOM_4` STOREY 0', dtype='<U28')                                          
         Coordinates:                                                                                 
             space_names  <U28 112B 'BLOCK `STOREROOM_4` STOREY 0'                                    
DEBUG    🐞:plyze.qoi_flow_graph.graph_qoi_interfaces:register:103 | {} | Updated xarray space name   
         <xarray.DataArray 'space_names' ()> Size: 112B                                               
         array('BLOCK `STOREROOM_4` STOREY 0', dtype='<U28')                                          
         Coordinates:                                                                                 
             space_names  <U28 112B 'BLOCK `STOREROOM_4` STOREY 0'                                    
DEBUG    🐞:plyze.qoi_flow_graph.graph_qoi_interfaces:register:103 | {} | Updated xarray space name   
         <xarray.DataArray 'space_names' ()> Size: 96B                                                
         array('BLOCK `SHAFT_6` STOREY 0', dtype='<U24')                                              
         Coordinates:                                                                                 
             space_names  <U24 96B 'BLOCK `SHAFT_6` STOREY 0'                                         
DEBUG    🐞:plyze.qoi_flow_graph.graph_qoi_interfaces:register:103 | {} | Updated xarray space name   
         <xarray.DataArray 'space_names' ()> Size: 96B                                                
         array('BLOCK `SHAFT_6` STOREY 0', dtype='<U24')                                              
         Coordinates:                                                                                 
             space_names  <U24 96B 'BLOCK `SHAFT_6` STOREY 0'                                         
DEBUG    🐞:plyze.qoi_flow_graph.graph_qoi_interfaces:register:103 | {} | Updated xarray space name   
         <xarray.DataArray 'space_names' ()> Size: 96B                                                
         array('BLOCK `SHAFT_6` STOREY 0', dtype='<U24')                                              
         Coordinates:                                                                                 
             space_names  <U24 96B 'BLOCK `SHAFT_6` STOREY 0'                                         
DEBUG    🐞:plyze.qoi_flow_graph.graph_qoi_interfaces:register:103 | {} | Updated xarray space name   
         <xarray.DataArray 'space_names' ()> Size: 96B                                                
         array('BLOCK `SHAFT_6` STOREY 0', dtype='<U24')                                              
         Coordinates:                                                                                 
             space_names  <U24 96B 'BLOCK `SHAFT_6` STOREY 0'                                         
DEBUG    🐞:plyze.qoi_flow_graph.graph_qoi_interfaces:register:103 | {} | Updated xarray space name   
         <xarray.DataArray 'space_names' ()> Size: 128B                                               
         array('BLOCK `LIVING_DINING_8` STOREY 0', dtype='<U32')                                      
         Coordinates:                                                                                 
             space_names  <U32 128B 'BLOCK `LIVING_DINING_8` STOREY 0'                                
DEBUG    🐞:plyze.qoi_flow_graph.graph_qoi_interfaces:register:103 | {} | Updated xarray space name   
         <xarray.DataArray 'space_names' ()> Size: 128B                                               
         array('BLOCK `LIVING_DINING_8` STOREY 0', dtype='<U32')                                      
         Coordinates:                                                                                 
             space_names  <U32 128B 'BLOCK `LIVING_DINING_8` STOREY 0'                                
DEBUG    🐞:plyze.qoi_flow_graph.graph_qoi_interfaces:register:103 | {} | Updated xarray space name   
         <xarray.DataArray 'space_names' ()> Size: 128B                                               
         array('BLOCK `LIVING_DINING_8` STOREY 0', dtype='<U32')                                      
         Coordinates:                                                                                 
             space_names  <U32 128B 'BLOCK `LIVING_DINING_8` STOREY 0'                                
DEBUG    🐞:plyze.qoi_flow_graph.graph_qoi_interfaces:register:103 | {} | Updated xarray space name   
         <xarray.DataArray 'space_names' ()> Size: 128B                                               
         array('BLOCK `LIVING_DINING_8` STOREY 0', dtype='<U32')                                      
         Coordinates:                                                                                 
             space_names  <U32 128B 'BLOCK `LIVING_DINING_8` STOREY 0'                                
DEBUG    🐞:plyze.qoi_flow_graph.graph_qoi_interfaces:register:103 | {} | Updated xarray space name   
         <xarray.DataArray 'space_names' ()> Size: 104B                                               
         array('BLOCK `BEDROOM_3` STOREY 0', dtype='<U26')                                            
         Coordinates:                                                                                 
             space_names  <U26 104B 'BLOCK `BEDROOM_3` STOREY 0'                                      
DEBUG    🐞:plyze.qoi_flow_graph.graph_qoi_interfaces:register:103 | {} | Updated xarray space name   
         <xarray.DataArray 'space_names' ()> Size: 104B                                               
         array('BLOCK `BEDROOM_3` STOREY 0', dtype='<U26')                                            
         Coordinates:                                                                                 
             space_names  <U26 104B 'BLOCK `BEDROOM_3` STOREY 0'                                      
DEBUG    🐞:plyze.qoi_flow_graph.graph_qoi_interfaces:register:103 | {} | Updated xarray space name   
         <xarray.DataArray 'space_names' ()> Size: 104B                                               
         array('BLOCK `BEDROOM_3` STOREY 0', dtype='<U26')                                            
         Coordinates:                                                                                 
             space_names  <U26 104B 'BLOCK `BEDROOM_3` STOREY 0'                                      
DEBUG    🐞:plyze.qoi_flow_graph.graph_qoi_interfaces:register:103 | {} | Updated xarray space name   
         <xarray.DataArray 'space_names' ()> Size: 104B                                               
         array('BLOCK `BEDROOM_3` STOREY 0', dtype='<U26')                                            
         Coordinates:                                                                                 
             space_names  <U26 104B 'BLOCK `BEDROOM_3` STOREY 0'                                      
DEBUG    🐞:plyze.qoi_flow_graph.graph_qoi_interfaces:register:103 | {} | Updated xarray space name   
         <xarray.DataArray 'space_names' ()> Size: 108B                                               
         array('BLOCK `CORRIDOR_2` STOREY 0', dtype='<U27')                                           
         Coordinates:                                                                                 
             space_names  <U27 108B 'BLOCK `CORRIDOR_2` STOREY 0'                                     
DEBUG    🐞:plyze.qoi_flow_graph.graph_qoi_interfaces:register:103 | {} | Updated xarray space name   
         <xarray.DataArray 'space_names' ()> Size: 108B                                               
         array('BLOCK `CORRIDOR_2` STOREY 0', dtype='<U27')                                           
         Coordinates:                                                                                 
             space_names  <U27 108B 'BLOCK `CORRIDOR_2` STOREY 0'                                     
DEBUG    🐞:plyze.qoi_flow_graph.graph_qoi_interfaces:register:103 | {} | Updated xarray space name   
         <xarray.DataArray 'space_names' ()> Size: 108B                                               
         array('BLOCK `CORRIDOR_2` STOREY 0', dtype='<U27')                                           
         Coordinates:                                                                                 
             space_names  <U27 108B 'BLOCK `CORRIDOR_2` STOREY 0'                                     
DEBUG    🐞:plyze.qoi_flow_graph.graph_qoi_interfaces:register:103 | {} | Updated xarray space name   
         <xarray.DataArray 'space_names' ()> Size: 108B                                               
         array('BLOCK `CORRIDOR_2` STOREY 0', dtype='<U27')                                           
         Coordinates:                                                                                 
             space_names  <U27 108B 'BLOCK `CORRIDOR_2` STOREY 0'                                     
DEBUG    🐞:plyze.qoi_flow_graph.graph_qoi_interfaces:register:103 | {} | Updated xarray space name   
         <xarray.DataArray 'space_names' ()> Size: 108B                                               
         array('BLOCK `BATHROOM_1` STOREY 0', dtype='<U27')                                           
         Coordinates:                                                                                 
             space_names  <U27 108B 'BLOCK `BATHROOM_1` STOREY 0'                                     
DEBUG    🐞:plyze.qoi_flow_graph.graph_qoi_interfaces:register:103 | {} | Updated xarray space name   
         <xarray.DataArray 'space_names' ()> Size: 108B                                               
         array('BLOCK `BATHROOM_1` STOREY 0', dtype='<U27')                                           
         Coordinates:                                                                                 
             space_names  <U27 108B 'BLOCK `BATHROOM_1` STOREY 0'                                     
DEBUG    🐞:plyze.qoi_flow_graph.graph_qoi_interfaces:register:103 | {} | Updated xarray space name   
         <xarray.DataArray 'space_names' ()> Size: 108B                                               
         array('BLOCK `BATHROOM_1` STOREY 0', dtype='<U27')                                           
         Coordinates:                                                                                 
             space_names  <U27 108B 'BLOCK `BATHROOM_1` STOREY 0'                                     
DEBUG    🐞:plyze.qoi_flow_graph.graph_qoi_interfaces:register:103 | {} | Updated xarray space name   
         <xarray.DataArray 'space_names' ()> Size: 108B                                               
         array('BLOCK `BATHROOM_1` STOREY 0', dtype='<U27')                                           
         Coordinates:                                                                                 
             space_names  <U27 108B 'BLOCK `BATHROOM_1` STOREY 0'                                     
SUCCESS  ✅:nvflow.cli.make.flowmetrics:create:44 | {} | Finished writing graph                       
